<?xml version="1.0" encoding="UTF-8"?>
<testng-results skipped="0" failed="0" ignored="0" total="1" passed="1">
  <reporter-output>
  </reporter-output>
  <suite name="Default suite" duration-ms="163552" started-at="2018-04-10T16:00:30Z" finished-at="2018-04-10T16:03:13Z">
    <groups>
    </groups>
    <test name="Default test" duration-ms="163552" started-at="2018-04-10T16:00:30Z" finished-at="2018-04-10T16:03:13Z">
      <class name="Actions.Execution">
        <test-method status="PASS" signature="Signin()[pri:0, instance:Actions.Execution@3b1d11]" name="Signin" duration-ms="163473" started-at="2018-04-10T21:30:30Z" finished-at="2018-04-10T21:33:13Z">
          <reporter-output>
          </reporter-output>
        </test-method> <!-- Signin -->
      </class> <!-- Actions.Execution -->
    </test> <!-- Default test -->
  </suite> <!-- Default suite -->
</testng-results>
