<?xml version="1.0" encoding="UTF-8"?>
<testng-results skipped="0" failed="0" ignored="0" total="1" passed="1">
  <reporter-output>
  </reporter-output>
  <suite name="Default suite" duration-ms="126772" started-at="2018-04-10T15:46:02Z" finished-at="2018-04-10T15:48:09Z">
    <groups>
    </groups>
    <test name="Default test" duration-ms="126772" started-at="2018-04-10T15:46:02Z" finished-at="2018-04-10T15:48:09Z">
      <class name="Execution.Execution">
        <test-method status="PASS" signature="Signin()[pri:0, instance:Execution.Execution@12cc05a]" name="Signin" duration-ms="126694" started-at="2018-04-10T21:16:02Z" finished-at="2018-04-10T21:18:09Z">
          <reporter-output>
          </reporter-output>
        </test-method> <!-- Signin -->
      </class> <!-- Execution.Execution -->
    </test> <!-- Default test -->
  </suite> <!-- Default suite -->
</testng-results>
